<?xml version="1.0" encoding="UTF-8"?>
<testsuite name="test.java.com.scheduler.DataStructures.HashTableTests" tests="6" skipped="0" failures="0" errors="0" timestamp="2025-04-29T17:30:11.571Z" hostname="CHASE-WIN" time="0.014">
  <properties/>
  <testcase name="testUpdateValue()" classname="test.java.com.scheduler.DataStructures.HashTableTests" time="0.001"/>
  <testcase name="testContainsKey()" classname="test.java.com.scheduler.DataStructures.HashTableTests" time="0.001"/>
  <testcase name="testPutAndGet()" classname="test.java.com.scheduler.DataStructures.HashTableTests" time="0.001"/>
  <testcase name="testKeysList()" classname="test.java.com.scheduler.DataStructures.HashTableTests" time="0.0"/>
  <testcase name="testNullKeyThrows()" classname="test.java.com.scheduler.DataStructures.HashTableTests" time="0.004"/>
  <testcase name="testRemove()" classname="test.java.com.scheduler.DataStructures.HashTableTests" time="0.0"/>
  <system-out><![CDATA[]]></system-out>
  <system-err><![CDATA[]]></system-err>
</testsuite>
