<?xml version="1.0" encoding="UTF-8"?>
<testsuite name="test.java.com.scheduler.Service.SchedulerServiceTests" tests="2" skipped="0" failures="0" errors="0" timestamp="2025-04-29T17:30:11.594Z" hostname="CHASE-WIN" time="0.017">
  <properties/>
  <testcase name="testAddGetRemoveResource()" classname="test.java.com.scheduler.Service.SchedulerServiceTests" time="0.002"/>
  <testcase name="testAddGetRemoveTaskAndPrioritization()" classname="test.java.com.scheduler.Service.SchedulerServiceTests" time="0.015"/>
  <system-out><![CDATA[]]></system-out>
  <system-err><![CDATA[]]></system-err>
</testsuite>
