<?xml version="1.0" encoding="UTF-8"?>
<testsuite name="test.java.com.scheduler.DataStructures.BinarySearchTreeTests" tests="8" skipped="0" failures="0" errors="0" timestamp="2025-05-04T04:35:42.109Z" hostname="CHASE" time="0.009">
  <properties/>
  <testcase name="testUpdateValue()" classname="test.java.com.scheduler.DataStructures.BinarySearchTreeTests" time="0.002"/>
  <testcase name="testValuesInOrder()" classname="test.java.com.scheduler.DataStructures.BinarySearchTreeTests" time="0.0"/>
  <testcase name="testEmptyTree()" classname="test.java.com.scheduler.DataStructures.BinarySearchTreeTests" time="0.0"/>
  <testcase name="testContainsKey()" classname="test.java.com.scheduler.DataStructures.BinarySearchTreeTests" time="0.0"/>
  <testcase name="testPutAndGet()" classname="test.java.com.scheduler.DataStructures.BinarySearchTreeTests" time="0.0"/>
  <testcase name="testRemoveLeaf()" classname="test.java.com.scheduler.DataStructures.BinarySearchTreeTests" time="0.001"/>
  <testcase name="testRemoveNodeWithChildren()" classname="test.java.com.scheduler.DataStructures.BinarySearchTreeTests" time="0.0"/>
  <testcase name="testNullKeyThrows()" classname="test.java.com.scheduler.DataStructures.BinarySearchTreeTests" time="0.001"/>
  <system-out><![CDATA[]]></system-out>
  <system-err><![CDATA[]]></system-err>
</testsuite>
