<?xml version="1.0" encoding="UTF-8"?>
<testsuite name="test.java.com.scheduler.Algorithms.MergeSortTests" tests="5" skipped="0" failures="0" errors="0" timestamp="2025-04-29T17:30:11.497Z" hostname="CHASE-WIN" time="0.04">
  <properties/>
  <testcase name="testSingleElement()" classname="test.java.com.scheduler.Algorithms.MergeSortTests" time="0.03"/>
  <testcase name="testEmptyList()" classname="test.java.com.scheduler.Algorithms.MergeSortTests" time="0.003"/>
  <testcase name="testReverseSorted()" classname="test.java.com.scheduler.Algorithms.MergeSortTests" time="0.001"/>
  <testcase name="testAlreadySorted()" classname="test.java.com.scheduler.Algorithms.MergeSortTests" time="0.001"/>
  <testcase name="testMultipleElements()" classname="test.java.com.scheduler.Algorithms.MergeSortTests" time="0.001"/>
  <system-out><![CDATA[]]></system-out>
  <system-err><![CDATA[]]></system-err>
</testsuite>
