<?xml version="1.0" encoding="UTF-8"?>
<testsuite name="test.java.com.scheduler.Service.SchedulerServiceTests" tests="2" skipped="0" failures="0" errors="0" timestamp="2025-05-04T04:35:42.127Z" hostname="CHASE" time="0.008">
  <properties/>
  <testcase name="testAddGetRemoveResource()" classname="test.java.com.scheduler.Service.SchedulerServiceTests" time="0.001"/>
  <testcase name="testAddGetRemoveTaskAndPrioritization()" classname="test.java.com.scheduler.Service.SchedulerServiceTests" time="0.006"/>
  <system-out><![CDATA[]]></system-out>
  <system-err><![CDATA[]]></system-err>
</testsuite>
